#! /c/Source/iverilog-install/bin/vvp
:ivl_version "12.0 (devel)" "(s20150603-1539-g2693dd32b)";
:ivl_delay_selection "TYPICAL";
:vpi_time_precision - 12;
:vpi_module "C:\PROGRA~1\iverilog\lib\ivl\system.vpi";
:vpi_module "C:\PROGRA~1\iverilog\lib\ivl\vhdl_sys.vpi";
:vpi_module "C:\PROGRA~1\iverilog\lib\ivl\vhdl_textio.vpi";
:vpi_module "C:\PROGRA~1\iverilog\lib\ivl\v2005_math.vpi";
:vpi_module "C:\PROGRA~1\iverilog\lib\ivl\va_math.vpi";
S_00000277c1e866f0 .scope module, "tb" "tb" 2 3;
 .timescale -9 -12;
v00000277c1ed2af0_0 .var "D", 11 0;
o00000277c1ed9fa8 .functor BUFZ 3, C4<zzz>; HiZ drive
v00000277c1ed25f0_0 .net "E", 2 0, o00000277c1ed9fa8;  0 drivers
o00000277c1ed9fd8 .functor BUFZ 4, C4<zzzz>; HiZ drive
v00000277c1ed2550_0 .net "F", 3 0, o00000277c1ed9fd8;  0 drivers
v00000277c1ed29b0_0 .net "S", 0 0, L_00000277c1ed1e70;  1 drivers
v00000277c1ed2cd0_0 .net "debug", 11 0, L_00000277c1e88ed0;  1 drivers
S_00000277c1e86880 .scope module, "fpcvt_" "fpcvt" 2 17, 3 1 0, S_00000277c1e866f0;
 .timescale -9 -12;
    .port_info 0 /OUTPUT 1 "S";
    .port_info 1 /OUTPUT 3 "E";
    .port_info 2 /OUTPUT 4 "F";
    .port_info 3 /OUTPUT 12 "debug";
    .port_info 4 /INPUT 12 "D";
L_00000277c1f22ff8 .functor BUFT 1, C4<0>, C4<0>, C4<0>, C4<0>;
L_00000277c1e88d80 .functor XNOR 1, L_00000277c1ed1e70, L_00000277c1f22ff8, C4<0>, C4<0>;
L_00000277c1e88e60 .functor NOT 12, v00000277c1ed2af0_0, C4<000000000000>, C4<000000000000>, C4<000000000000>;
L_00000277c1e88ed0 .functor BUFZ 12, L_00000277c1ed2b90, C4<000000000000>, C4<000000000000>, C4<000000000000>;
v00000277c1e872c0_0 .net "D", 11 0, v00000277c1ed2af0_0;  1 drivers
v00000277c1ed9d30_0 .net "E", 2 0, o00000277c1ed9fa8;  alias, 0 drivers
v00000277c1e8be10_0 .net "F", 3 0, o00000277c1ed9fd8;  alias, 0 drivers
v00000277c1e86a10_0 .net "S", 0 0, L_00000277c1ed1e70;  alias, 1 drivers
L_00000277c1f23088 .functor BUFT 1, C4<011111111111>, C4<0>, C4<0>, C4<0>;
v00000277c1e86ab0_0 .net/2u *"_ivl_10", 11 0, L_00000277c1f23088;  1 drivers
v00000277c1ec6630_0 .net *"_ivl_12", 11 0, L_00000277c1e88e60;  1 drivers
L_00000277c1f230d0 .functor BUFT 1, C4<000000000001>, C4<0>, C4<0>, C4<0>;
v00000277c1ec66d0_0 .net/2u *"_ivl_14", 11 0, L_00000277c1f230d0;  1 drivers
v00000277c1ec6770_0 .net *"_ivl_16", 11 0, L_00000277c1ed2910;  1 drivers
v00000277c1ed2a50_0 .net *"_ivl_18", 11 0, L_00000277c1ed2690;  1 drivers
v00000277c1ed2410_0 .net/2u *"_ivl_2", 0 0, L_00000277c1f22ff8;  1 drivers
v00000277c1ed2870_0 .net *"_ivl_4", 0 0, L_00000277c1e88d80;  1 drivers
L_00000277c1f23040 .functor BUFT 1, C4<100000000000>, C4<0>, C4<0>, C4<0>;
v00000277c1ed22d0_0 .net/2u *"_ivl_6", 11 0, L_00000277c1f23040;  1 drivers
v00000277c1ed2370_0 .net *"_ivl_8", 0 0, L_00000277c1ed1f10;  1 drivers
v00000277c1ed24b0_0 .net "debug", 11 0, L_00000277c1e88ed0;  alias, 1 drivers
v00000277c1ed1dd0_0 .net "mag", 11 0, L_00000277c1ed2b90;  1 drivers
L_00000277c1ed1e70 .part v00000277c1ed2af0_0, 11, 1;
L_00000277c1ed1f10 .cmp/eq 12, v00000277c1ed2af0_0, L_00000277c1f23040;
L_00000277c1ed2910 .arith/sum 12, L_00000277c1e88e60, L_00000277c1f230d0;
L_00000277c1ed2690 .functor MUXZ 12, L_00000277c1ed2910, L_00000277c1f23088, L_00000277c1ed1f10, C4<>;
L_00000277c1ed2b90 .functor MUXZ 12, L_00000277c1ed2690, v00000277c1ed2af0_0, L_00000277c1e88d80, C4<>;
    .scope S_00000277c1e866f0;
T_0 ;
    %vpi_call 2 13 "$dumpfile", "wave.vcd" {0 0 0};
    %vpi_call 2 14 "$dumpvars", 32'sb00000000000000000000000000000000, S_00000277c1e866f0 {0 0 0};
    %end;
    .thread T_0;
    .scope S_00000277c1e866f0;
T_1 ;
    %vpi_call 2 26 "$monitor", "Time = %0t | D = %b | S = %b | E = %b | F = %b | Debug= %b", $time, v00000277c1ed2af0_0, v00000277c1ed29b0_0, v00000277c1ed25f0_0, v00000277c1ed2550_0, v00000277c1ed2cd0_0 {0 0 0};
    %pushi/vec4 0, 0, 12;
    %store/vec4 v00000277c1ed2af0_0, 0, 12;
    %delay 10000, 0;
    %pushi/vec4 1, 0, 12;
    %store/vec4 v00000277c1ed2af0_0, 0, 12;
    %delay 10000, 0;
    %pushi/vec4 42, 0, 12;
    %store/vec4 v00000277c1ed2af0_0, 0, 12;
    %delay 10000, 0;
    %pushi/vec4 2048, 0, 12;
    %store/vec4 v00000277c1ed2af0_0, 0, 12;
    %delay 10000, 0;
    %pushi/vec4 4095, 0, 12;
    %store/vec4 v00000277c1ed2af0_0, 0, 12;
    %delay 10000, 0;
    %pushi/vec4 4078, 0, 12;
    %store/vec4 v00000277c1ed2af0_0, 0, 12;
    %delay 10000, 0;
    %vpi_call 2 36 "$finish" {0 0 0};
    %end;
    .thread T_1;
# The file index is used to find the file name in the following table.
:file_names 4;
    "N/A";
    "<interactive>";
    "tb/tb.v";
    "fpcvt.v";
